2017-04-05 01:05:51,059 [Worker-0] INFO  o.e.m.c.i.l.LifecycleMappingFactory - Using org.eclipse.m2e.jdt.JarLifecycleMapping lifecycle mapping for MavenProject: com.cimarasah.nossape:nossape-persistence:0.0.1-SNAPSHOT @ C:\Projetos\GitHub\Projetos\Nosso Apê\nossape-persistence\pom.xml.
2017-04-05 01:05:56,272 [Worker-0] INFO  o.e.m.j.i.AbstractJavaProjectConfigurator - Adding source folder /nossape-persistence/src/main/java
2017-04-05 01:05:56,273 [Worker-0] INFO  o.e.m.j.i.AbstractJavaProjectConfigurator - Adding resource folder /nossape-persistence/src/main/resources
2017-04-05 01:05:56,309 [Worker-0] INFO  o.e.m.j.i.AbstractJavaProjectConfigurator - Adding resource folder /nossape-persistence/src/main/resources
2017-04-05 01:05:56,357 [Worker-0] INFO  o.e.m.j.i.AbstractJavaProjectConfigurator - Adding source folder /nossape-persistence/src/test/java
2017-04-05 01:05:58,022 [Worker-0] INFO  o.e.m.c.i.p.ProjectConfigurationManager - Imported and configured 1 project(s) in 13 sec
2017-04-05 01:05:58,026 [Worker-0] INFO  o.e.m.c.i.p.ProjectConfigurationManager - Update started
2017-04-05 01:05:58,889 [Worker-0] INFO  o.e.m.c.i.l.LifecycleMappingFactory - Using org.eclipse.m2e.jdt.JarLifecycleMapping lifecycle mapping for MavenProject: com.cimarasah.nossape:nossape-persistence:0.0.1-SNAPSHOT @ C:\Projetos\GitHub\Projetos\Nosso Apê\nossape-persistence\pom.xml.
2017-04-05 01:06:00,076 [Worker-0] INFO  o.e.m.j.i.AbstractJavaProjectConfigurator - Adding source folder /nossape-persistence/src/main/java
2017-04-05 01:06:00,077 [Worker-0] INFO  o.e.m.j.i.AbstractJavaProjectConfigurator - Adding resource folder /nossape-persistence/src/main/resources
2017-04-05 01:06:00,077 [Worker-0] INFO  o.e.m.j.i.AbstractJavaProjectConfigurator - Adding resource folder /nossape-persistence/src/main/resources
2017-04-05 01:06:00,078 [Worker-0] INFO  o.e.m.j.i.AbstractJavaProjectConfigurator - Adding source folder /nossape-persistence/src/test/java
2017-04-05 01:06:00,388 [Worker-0] INFO  o.e.m.c.i.p.ProjectConfigurationManager - Update completed: 2 sec
2017-04-05 01:06:05,151 [Worker-20] INFO  o.e.m.c.i.embedder.EclipseLogger - Using 'UTF-8' encoding to copy filtered resources.
2017-04-05 01:06:05,171 [Worker-20] INFO  o.e.m.c.i.embedder.EclipseLogger - Copying 1 resource
2017-04-05 01:06:05,186 [Worker-20] INFO  o.e.m.c.i.embedder.EclipseLogger - Copying 0 resource
2017-04-05 01:06:05,197 [Worker-20] INFO  o.e.m.c.i.embedder.EclipseLogger - Using 'UTF-8' encoding to copy filtered resources.
2017-04-05 01:06:05,198 [Worker-20] INFO  o.e.m.c.i.embedder.EclipseLogger - skip non existing resourceDirectory C:\Projetos\GitHub\Projetos\Nosso Apê\nossape-persistence\src\test\resources
2017-04-05 01:09:56,449 [Worker-0] INFO  o.e.m.i.launch.MavenLaunchDelegate - C:\Projetos\GitHub\Projetos\Nosso Apê\nossape-persistence
2017-04-05 01:09:56,451 [Worker-0] INFO  o.e.m.i.launch.MavenLaunchDelegate -  mvn -Ppom.xml -B install
2017-04-05 01:10:23,391 [Worker-25] INFO  o.e.m.c.i.embedder.EclipseLogger - Using 'UTF-8' encoding to copy filtered resources.
2017-04-05 01:10:23,418 [Worker-25] INFO  o.e.m.c.i.embedder.EclipseLogger - Copying 1 resource
2017-04-05 01:10:23,427 [Worker-25] INFO  o.e.m.c.i.embedder.EclipseLogger - Copying 0 resource
2017-04-05 01:10:23,434 [Worker-25] INFO  o.e.m.c.i.embedder.EclipseLogger - Using 'UTF-8' encoding to copy filtered resources.
2017-04-05 01:10:23,452 [Worker-25] INFO  o.e.m.c.i.embedder.EclipseLogger - skip non existing resourceDirectory C:\Projetos\GitHub\Projetos\Nosso Apê\nossape-persistence\src\test\resources
2017-04-05 01:12:14,988 [Worker-0] INFO  o.e.m.c.i.embedder.EclipseLogger - Using 'UTF-8' encoding to copy filtered resources.
2017-04-05 01:12:14,989 [Worker-0] INFO  o.e.m.c.i.embedder.EclipseLogger - Copying 1 resource
2017-04-05 01:12:14,991 [Worker-0] INFO  o.e.m.c.i.embedder.EclipseLogger - Copying 0 resource
2017-04-05 01:12:15,004 [Worker-0] INFO  o.e.m.c.i.embedder.EclipseLogger - Using 'UTF-8' encoding to copy filtered resources.
2017-04-05 01:12:15,008 [Worker-0] INFO  o.e.m.c.i.embedder.EclipseLogger - skip non existing resourceDirectory C:\Projetos\GitHub\Projetos\Nosso Apê\nossape-persistence\src\test\resources
2017-04-05 01:12:18,258 [Worker-26] INFO  o.e.m.i.launch.MavenLaunchDelegate - C:\Projetos\GitHub\Projetos\Nosso Apê\nossape-persistence
2017-04-05 01:12:18,258 [Worker-26] INFO  o.e.m.i.launch.MavenLaunchDelegate -  mvn -Ppom.xml -B install
2017-04-05 01:12:36,020 [Worker-5] INFO  o.e.m.c.i.embedder.EclipseLogger - Using 'UTF-8' encoding to copy filtered resources.
2017-04-05 01:12:36,025 [Worker-5] INFO  o.e.m.c.i.embedder.EclipseLogger - Copying 1 resource
2017-04-05 01:12:36,031 [Worker-5] INFO  o.e.m.c.i.embedder.EclipseLogger - Copying 0 resource
2017-04-05 01:12:36,033 [Worker-5] INFO  o.e.m.c.i.embedder.EclipseLogger - Using 'UTF-8' encoding to copy filtered resources.
2017-04-05 01:12:36,037 [Worker-5] INFO  o.e.m.c.i.embedder.EclipseLogger - skip non existing resourceDirectory C:\Projetos\GitHub\Projetos\Nosso Apê\nossape-persistence\src\test\resources
2017-04-05 01:13:02,224 [main] INFO  o.e.m2e.actions.ExecutePomAction - Creating new launch configuration
2017-04-05 01:13:18,702 [Worker-24] INFO  o.e.m.i.launch.MavenLaunchDelegate - C:\Projetos\GitHub\Projetos\Nosso Apê\nossape-persistence
2017-04-05 01:13:18,702 [Worker-24] INFO  o.e.m.i.launch.MavenLaunchDelegate -  mvn -Ppom.xml -B -Dmaven.test.skip=true -DskipTests clean install
2017-04-05 01:14:43,069 [Worker-24] INFO  o.e.m.c.i.embedder.EclipseLogger - Using 'UTF-8' encoding to copy filtered resources.
2017-04-05 01:14:43,070 [Worker-24] INFO  o.e.m.c.i.embedder.EclipseLogger - Copying 1 resource
2017-04-05 01:14:43,128 [Worker-24] INFO  o.e.m.c.i.embedder.EclipseLogger - Copying 0 resource
2017-04-05 01:14:43,132 [Worker-24] INFO  o.e.m.c.i.embedder.EclipseLogger - Using 'UTF-8' encoding to copy filtered resources.
2017-04-05 01:14:43,142 [Worker-24] INFO  o.e.m.c.i.embedder.EclipseLogger - skip non existing resourceDirectory C:\Projetos\GitHub\Projetos\Nosso Apê\nossape-persistence\src\test\resources
2017-04-12 13:50:14,265 [Worker-15] INFO  o.e.m.i.launch.MavenLaunchDelegate - C:\Projetos\GitHub\Projetos\Nosso Apê\nossape-persistence
2017-04-12 13:50:14,278 [Worker-15] INFO  o.e.m.i.launch.MavenLaunchDelegate -  mvn -Ppom.xml -B install
2017-04-12 13:50:40,749 [Worker-3] INFO  o.e.m.c.i.embedder.EclipseLogger - Using 'UTF-8' encoding to copy filtered resources.
2017-04-12 13:50:40,769 [Worker-3] INFO  o.e.m.c.i.embedder.EclipseLogger - Copying 1 resource
2017-04-12 13:50:40,784 [Worker-3] INFO  o.e.m.c.i.embedder.EclipseLogger - Copying 0 resource
2017-04-12 13:50:40,787 [Worker-3] INFO  o.e.m.c.i.embedder.EclipseLogger - Using 'UTF-8' encoding to copy filtered resources.
2017-04-12 13:50:40,787 [Worker-3] INFO  o.e.m.c.i.embedder.EclipseLogger - skip non existing resourceDirectory C:\Projetos\GitHub\Projetos\Nosso Apê\nossape-persistence\src\test\resources
2017-04-14 02:01:11,651 [Worker-106] INFO  o.e.m.c.i.l.LifecycleMappingFactory - Using org.eclipse.m2e.jdt.JarLifecycleMapping lifecycle mapping for MavenProject: com.cimarasah.nossape:nossape-persistence:0.0.1-SNAPSHOT @ C:\Projetos\GitHub\Projetos\Nosso Apê\nossape-persistence\pom.xml.
2017-04-14 02:01:17,253 [Worker-106] INFO  o.e.m.c.i.e.AbstractTransferListenerAdapter - Downloading https://repo.maven.apache.org/maven2/com/h2database/h2/1.4.194/h2-1.4.194.pom
2017-04-14 02:01:18,353 [Worker-106] INFO  o.e.m.c.i.e.AbstractTransferListenerAdapter - Downloaded https://repo.maven.apache.org/maven2/com/h2database/h2/1.4.194/h2-1.4.194.pom
2017-04-14 02:01:18,438 [Worker-106] WARN  o.e.m.c.i.embedder.EclipseLogger - The POM for com.oracle:ojdbc7:jar:12.1.0.1 is missing, no dependency information available
2017-04-14 02:01:22,638 [Worker-106] INFO  o.e.m.c.i.e.AbstractTransferListenerAdapter - Downloading https://repo.maven.apache.org/maven2/com/h2database/h2/1.4.194/h2-1.4.194.jar
2017-04-14 02:01:30,225 [main] WARN  o.e.m.c.i.embedder.EclipseLogger - The POM for com.oracle:ojdbc7:jar:12.1.0.1 is missing, no dependency information available
2017-04-14 02:01:40,131 [main] INFO  o.e.m.c.i.e.AbstractTransferListenerAdapter - Downloading https://repo.maven.apache.org/maven2/com/h2database/h2/1.4.194/h2-1.4.194.jar
2017-04-14 02:08:58,906 [Worker-1] INFO  o.e.m.c.i.l.LifecycleMappingFactory - Using org.eclipse.m2e.jdt.JarLifecycleMapping lifecycle mapping for MavenProject: com.cimarasah.nossape:nossape-persistence:0.0.1-SNAPSHOT @ C:\Projetos\GitHub\Projetos\Nosso Apê\nossape-persistence\pom.xml.
2017-04-14 02:08:59,269 [Worker-1] WARN  o.e.m.c.i.embedder.EclipseLogger - The POM for com.oracle:ojdbc7:jar:12.1.0.1 is missing, no dependency information available
2017-04-14 02:09:04,943 [Worker-1] INFO  o.e.m.c.i.e.AbstractTransferListenerAdapter - Downloading https://repo.maven.apache.org/maven2/com/h2database/h2/1.4.194/h2-1.4.194.jar
2017-04-14 02:09:10,660 [Worker-1] INFO  o.e.m.c.i.e.AbstractTransferListenerAdapter - Downloaded https://repo.maven.apache.org/maven2/com/h2database/h2/1.4.194/h2-1.4.194.jar
2017-04-14 02:09:32,930 [Worker-1] INFO  o.e.m.c.i.embedder.EclipseLogger - Using 'UTF-8' encoding to copy filtered resources.
2017-04-14 02:09:32,969 [Worker-1] INFO  o.e.m.c.i.embedder.EclipseLogger - Copying 1 resource
2017-04-14 02:09:33,027 [Worker-1] INFO  o.e.m.c.i.embedder.EclipseLogger - Copying 0 resource
2017-04-14 02:09:33,030 [Worker-1] INFO  o.e.m.c.i.embedder.EclipseLogger - Using 'UTF-8' encoding to copy filtered resources.
2017-04-14 02:09:33,031 [Worker-1] INFO  o.e.m.c.i.embedder.EclipseLogger - skip non existing resourceDirectory C:\Projetos\GitHub\Projetos\Nosso Apê\nossape-persistence\src\test\resources
2017-04-14 02:11:01,618 [Worker-9] WARN  o.e.m.c.i.embedder.EclipseLogger - The POM for com.oracle:ojdbc7:jar:12.1.0.1 is missing, no dependency information available
2017-04-14 02:11:01,890 [Worker-9] INFO  o.e.m.c.i.embedder.EclipseLogger - Using 'UTF-8' encoding to copy filtered resources.
2017-04-14 02:11:01,917 [Worker-9] INFO  o.e.m.c.i.embedder.EclipseLogger - Copying 1 resource
2017-04-14 02:11:01,921 [Worker-9] INFO  o.e.m.c.i.embedder.EclipseLogger - Copying 0 resource
2017-04-14 02:11:01,923 [Worker-9] INFO  o.e.m.c.i.embedder.EclipseLogger - Using 'UTF-8' encoding to copy filtered resources.
2017-04-14 02:11:01,923 [Worker-9] INFO  o.e.m.c.i.embedder.EclipseLogger - skip non existing resourceDirectory C:\Projetos\GitHub\Projetos\Nosso Apê\nossape-persistence\src\test\resources
2017-04-14 02:13:02,333 [Worker-16] INFO  o.e.m.i.launch.MavenLaunchDelegate - C:\Projetos\GitHub\Projetos\Nosso Apê\nossape-persistence
2017-04-14 02:13:02,335 [Worker-16] INFO  o.e.m.i.launch.MavenLaunchDelegate -  mvn -Ppom.xml -B install
2017-04-14 02:14:50,698 [Worker-16] INFO  o.e.m.c.i.embedder.EclipseLogger - Using 'UTF-8' encoding to copy filtered resources.
2017-04-14 02:14:50,699 [Worker-16] INFO  o.e.m.c.i.embedder.EclipseLogger - Copying 1 resource
2017-04-14 02:14:50,701 [Worker-16] INFO  o.e.m.c.i.embedder.EclipseLogger - Copying 0 resource
2017-04-14 02:14:50,873 [Worker-16] INFO  o.e.m.c.i.embedder.EclipseLogger - Using 'UTF-8' encoding to copy filtered resources.
2017-04-14 02:14:50,875 [Worker-16] INFO  o.e.m.c.i.embedder.EclipseLogger - skip non existing resourceDirectory C:\Projetos\GitHub\Projetos\Nosso Apê\nossape-persistence\src\test\resources
2017-04-14 02:29:13,827 [Worker-25] INFO  o.e.m.c.i.embedder.EclipseLogger - Using 'UTF-8' encoding to copy filtered resources.
2017-04-14 02:29:13,919 [Worker-25] INFO  o.e.m.c.i.embedder.EclipseLogger - Copying 1 resource
2017-04-14 02:29:14,082 [Worker-25] INFO  o.e.m.c.i.embedder.EclipseLogger - Copying 0 resource
2017-04-14 02:29:14,109 [Worker-25] INFO  o.e.m.c.i.embedder.EclipseLogger - Using 'UTF-8' encoding to copy filtered resources.
2017-04-14 02:29:14,114 [Worker-25] INFO  o.e.m.c.i.embedder.EclipseLogger - skip non existing resourceDirectory C:\Projetos\GitHub\Projetos\Nosso Apê\nossape-persistence\src\test\resources
2017-04-14 03:22:23,317 [Worker-34] INFO  o.e.m.c.i.embedder.EclipseLogger - Using 'UTF-8' encoding to copy filtered resources.
2017-04-14 03:22:23,321 [Worker-34] INFO  o.e.m.c.i.embedder.EclipseLogger - Copying 1 resource
2017-04-14 03:22:23,442 [Worker-34] INFO  o.e.m.c.i.embedder.EclipseLogger - Copying 0 resource
2017-04-14 03:22:23,453 [Worker-34] INFO  o.e.m.c.i.embedder.EclipseLogger - Using 'UTF-8' encoding to copy filtered resources.
2017-04-14 03:22:23,453 [Worker-34] INFO  o.e.m.c.i.embedder.EclipseLogger - skip non existing resourceDirectory C:\Projetos\GitHub\Projetos\Nosso Apê\nossape-persistence\src\test\resources
2017-04-14 03:36:17,125 [main] WARN  o.e.m.c.i.embedder.EclipseLogger - The POM for com.oracle:ojdbc7:jar:12.1.0.1 is missing, no dependency information available
2017-04-14 03:41:19,839 [main] WARN  o.e.m.c.i.embedder.EclipseLogger - The POM for com.oracle:ojdbc7:jar:12.1.0.1 is missing, no dependency information available
2017-04-14 03:47:41,081 [main] WARN  o.e.m.c.i.embedder.EclipseLogger - The POM for com.oracle:ojdbc7:jar:12.1.0.1 is missing, no dependency information available
2017-04-14 03:51:17,994 [Worker-21] INFO  o.e.m.c.i.embedder.EclipseLogger - Using 'UTF-8' encoding to copy filtered resources.
2017-04-14 03:51:18,002 [Worker-21] INFO  o.e.m.c.i.embedder.EclipseLogger - Copying 1 resource
2017-04-14 03:51:18,019 [Worker-21] INFO  o.e.m.c.i.embedder.EclipseLogger - Copying 0 resource
2017-04-14 03:51:18,023 [Worker-21] INFO  o.e.m.c.i.embedder.EclipseLogger - Using 'UTF-8' encoding to copy filtered resources.
2017-04-14 03:51:18,023 [Worker-21] INFO  o.e.m.c.i.embedder.EclipseLogger - skip non existing resourceDirectory C:\Projetos\GitHub\Projetos\Nosso Apê\nossape-persistence\src\test\resources
2017-04-14 03:54:31,124 [Worker-20] INFO  o.e.m.c.i.embedder.EclipseLogger - Using 'UTF-8' encoding to copy filtered resources.
2017-04-14 03:54:31,153 [Worker-20] INFO  o.e.m.c.i.embedder.EclipseLogger - Copying 1 resource
2017-04-14 03:54:31,157 [Worker-20] INFO  o.e.m.c.i.embedder.EclipseLogger - Copying 0 resource
2017-04-14 03:54:31,160 [Worker-20] INFO  o.e.m.c.i.embedder.EclipseLogger - Using 'UTF-8' encoding to copy filtered resources.
2017-04-14 03:54:31,160 [Worker-20] INFO  o.e.m.c.i.embedder.EclipseLogger - skip non existing resourceDirectory C:\Projetos\GitHub\Projetos\Nosso Apê\nossape-persistence\src\test\resources
2017-04-14 03:55:31,427 [Worker-24] INFO  o.e.m.c.i.embedder.EclipseLogger - Using 'UTF-8' encoding to copy filtered resources.
2017-04-14 03:55:31,428 [Worker-24] INFO  o.e.m.c.i.embedder.EclipseLogger - Copying 1 resource
2017-04-14 03:55:31,433 [Worker-24] INFO  o.e.m.c.i.embedder.EclipseLogger - Copying 0 resource
2017-04-14 03:55:31,436 [Worker-24] INFO  o.e.m.c.i.embedder.EclipseLogger - Using 'UTF-8' encoding to copy filtered resources.
2017-04-14 03:55:31,437 [Worker-24] INFO  o.e.m.c.i.embedder.EclipseLogger - skip non existing resourceDirectory C:\Projetos\GitHub\Projetos\Nosso Apê\nossape-persistence\src\test\resources
2017-04-14 04:00:04,707 [Worker-9] INFO  o.e.m.c.i.embedder.EclipseLogger - Using 'UTF-8' encoding to copy filtered resources.
2017-04-14 04:00:04,708 [Worker-9] INFO  o.e.m.c.i.embedder.EclipseLogger - Copying 1 resource
2017-04-14 04:00:04,843 [Worker-9] INFO  o.e.m.c.i.embedder.EclipseLogger - Copying 0 resource
2017-04-14 04:00:04,848 [Worker-9] INFO  o.e.m.c.i.embedder.EclipseLogger - Using 'UTF-8' encoding to copy filtered resources.
2017-04-14 04:00:04,891 [Worker-9] INFO  o.e.m.c.i.embedder.EclipseLogger - skip non existing resourceDirectory C:\Projetos\GitHub\Projetos\Nosso Apê\nossape-persistence\src\test\resources
2017-04-14 04:01:46,658 [Worker-23] INFO  o.e.m.c.i.embedder.EclipseLogger - Using 'UTF-8' encoding to copy filtered resources.
2017-04-14 04:01:46,696 [Worker-23] INFO  o.e.m.c.i.embedder.EclipseLogger - Copying 1 resource
2017-04-14 04:01:46,714 [Worker-23] INFO  o.e.m.c.i.embedder.EclipseLogger - Copying 0 resource
2017-04-14 04:01:46,729 [Worker-23] INFO  o.e.m.c.i.embedder.EclipseLogger - Using 'UTF-8' encoding to copy filtered resources.
2017-04-14 04:01:46,729 [Worker-23] INFO  o.e.m.c.i.embedder.EclipseLogger - skip non existing resourceDirectory C:\Projetos\GitHub\Projetos\Nosso Apê\nossape-persistence\src\test\resources
2017-04-14 04:02:41,748 [Worker-28] INFO  o.e.m.c.i.embedder.EclipseLogger - Using 'UTF-8' encoding to copy filtered resources.
2017-04-14 04:02:41,749 [Worker-28] INFO  o.e.m.c.i.embedder.EclipseLogger - Copying 1 resource
2017-04-14 04:02:41,765 [Worker-28] INFO  o.e.m.c.i.embedder.EclipseLogger - Copying 0 resource
2017-04-14 04:02:41,776 [Worker-28] INFO  o.e.m.c.i.embedder.EclipseLogger - Using 'UTF-8' encoding to copy filtered resources.
2017-04-14 04:02:41,782 [Worker-28] INFO  o.e.m.c.i.embedder.EclipseLogger - skip non existing resourceDirectory C:\Projetos\GitHub\Projetos\Nosso Apê\nossape-persistence\src\test\resources
2017-04-14 04:03:46,462 [Worker-30] INFO  o.e.m.c.i.embedder.EclipseLogger - Using 'UTF-8' encoding to copy filtered resources.
2017-04-14 04:03:46,551 [Worker-30] INFO  o.e.m.c.i.embedder.EclipseLogger - Copying 1 resource
2017-04-14 04:03:46,561 [Worker-30] INFO  o.e.m.c.i.embedder.EclipseLogger - Copying 0 resource
2017-04-14 04:03:46,571 [Worker-30] INFO  o.e.m.c.i.embedder.EclipseLogger - Using 'UTF-8' encoding to copy filtered resources.
2017-04-14 04:03:46,571 [Worker-30] INFO  o.e.m.c.i.embedder.EclipseLogger - skip non existing resourceDirectory C:\Projetos\GitHub\Projetos\Nosso Apê\nossape-persistence\src\test\resources
2017-04-14 04:04:12,706 [Worker-31] INFO  o.e.m.c.i.embedder.EclipseLogger - Using 'UTF-8' encoding to copy filtered resources.
2017-04-14 04:04:12,707 [Worker-31] INFO  o.e.m.c.i.embedder.EclipseLogger - Copying 1 resource
2017-04-14 04:04:12,711 [Worker-31] INFO  o.e.m.c.i.embedder.EclipseLogger - Copying 0 resource
2017-04-14 04:04:12,736 [Worker-31] INFO  o.e.m.c.i.embedder.EclipseLogger - Using 'UTF-8' encoding to copy filtered resources.
2017-04-14 04:04:12,746 [Worker-31] INFO  o.e.m.c.i.embedder.EclipseLogger - skip non existing resourceDirectory C:\Projetos\GitHub\Projetos\Nosso Apê\nossape-persistence\src\test\resources
2017-04-14 04:04:47,638 [Worker-31] INFO  o.e.m.c.i.embedder.EclipseLogger - Using 'UTF-8' encoding to copy filtered resources.
2017-04-14 04:04:47,650 [Worker-31] INFO  o.e.m.c.i.embedder.EclipseLogger - Copying 1 resource
2017-04-14 04:04:47,673 [Worker-31] INFO  o.e.m.c.i.embedder.EclipseLogger - Copying 0 resource
2017-04-14 04:04:47,687 [Worker-31] INFO  o.e.m.c.i.embedder.EclipseLogger - Using 'UTF-8' encoding to copy filtered resources.
2017-04-14 04:04:47,688 [Worker-31] INFO  o.e.m.c.i.embedder.EclipseLogger - skip non existing resourceDirectory C:\Projetos\GitHub\Projetos\Nosso Apê\nossape-persistence\src\test\resources
2017-04-14 04:16:51,262 [main] WARN  o.e.m.c.i.embedder.EclipseLogger - The POM for com.oracle:ojdbc7:jar:12.1.0.1 is missing, no dependency information available
